[0.201s] Invoking command in '/home/user/fprobocon/build/file_handling': CMAKE_PREFIX_PATH=/opt/ros/humble /usr/bin/cmake --build /home/user/fprobocon/build/file_handling -- -j16 -l16
[0.573s] [35m[1mConsolidate compiler generated dependencies of target point_reader[0m
[0.573s] [ 50%] [32mBuilding CXX object CMakeFiles/point_reader.dir/src/point_reader.cpp.o[0m
[2.227s] [01m[K/home/user/fprobocon/src/file_handling/src/point_reader.cpp:[m[K In constructor â€˜[01m[KPointReaderNode::PointReaderNode()[m[Kâ€™:
[2.227s] [01m[K/home/user/fprobocon/src/file_handling/src/point_reader.cpp:10:47:[m[K [01;31m[Kerror: [m[Kclass â€˜[01m[KPointReaderNode[m[Kâ€™ does not have any field named â€˜[01m[Kcurrejnt_point_[m[Kâ€™
[2.227s]    10 |     PointReaderNode() : Node("point_reader"), [01;31m[Kcurrejnt_point_[m[K(0) {
[2.227s]       |                                               [01;31m[K^~~~~~~~~~~~~~~[m[K
[4.079s] gmake[2]: *** [CMakeFiles/point_reader.dir/build.make:76: CMakeFiles/point_reader.dir/src/point_reader.cpp.o] Error 1
[4.079s] gmake[1]: *** [CMakeFiles/Makefile2:137: CMakeFiles/point_reader.dir/all] Error 2
[4.080s] gmake: *** [Makefile:146: all] Error 2
[4.082s] Invoked command in '/home/user/fprobocon/build/file_handling' returned '2': CMAKE_PREFIX_PATH=/opt/ros/humble /usr/bin/cmake --build /home/user/fprobocon/build/file_handling -- -j16 -l16
