[0.009s] Invoking command in '/home/user/fprobocon/build/move_to_target': CMAKE_PREFIX_PATH=${CMAKE_PREFIX_PATH}:/home/user/fprobocon/install/sim2025_key:/home/user/fprobocon/install/keyboard_controller:/home/user/fprobocon/install/joystick_controller:/opt/ros/humble /usr/bin/cmake /home/user/fprobocon/src/move_to_target -DCMAKE_INSTALL_PREFIX=/home/user/fprobocon/install/move_to_target
[0.018s] -- Found ament_cmake: 1.3.10 (/opt/ros/humble/share/ament_cmake/cmake)
[0.105s] -- Override CMake install command with custom implementation using symlinks instead of copying resources
[0.110s] -- Found rclcpp: 16.0.10 (/opt/ros/humble/share/rclcpp/cmake)
[0.131s] -- Found rosidl_generator_c: 3.1.5 (/opt/ros/humble/share/rosidl_generator_c/cmake)
[0.133s] -- Found rosidl_adapter: 3.1.5 (/opt/ros/humble/share/rosidl_adapter/cmake)
[0.137s] -- Found rosidl_generator_cpp: 3.1.5 (/opt/ros/humble/share/rosidl_generator_cpp/cmake)
[0.143s] -- Using all available rosidl_typesupport_c: rosidl_typesupport_fastrtps_c;rosidl_typesupport_introspection_c
[0.154s] -- Using all available rosidl_typesupport_cpp: rosidl_typesupport_fastrtps_cpp;rosidl_typesupport_introspection_cpp
[0.177s] -- Found rmw_implementation_cmake: 6.1.2 (/opt/ros/humble/share/rmw_implementation_cmake/cmake)
[0.178s] -- Found rmw_fastrtps_cpp: 6.2.7 (/opt/ros/humble/share/rmw_fastrtps_cpp/cmake)
[0.263s] -- Using RMW implementation 'rmw_fastrtps_cpp' as default
[0.296s] -- Found geometry_msgs: 4.2.4 (/opt/ros/humble/share/geometry_msgs/cmake)
[0.306s] -- Found nav_msgs: 4.2.4 (/opt/ros/humble/share/nav_msgs/cmake)
[0.322s] -- Found tf2: 0.25.8 (/opt/ros/humble/share/tf2/cmake)
[0.334s] -- Found tf2_ros: 0.25.8 (/opt/ros/humble/share/tf2_ros/cmake)
[0.432s] -- Found ament_lint_auto: 0.12.11 (/opt/ros/humble/share/ament_lint_auto/cmake)
[0.489s] -- Added test 'cppcheck' to perform static code analysis on C / C++ code
[0.489s] -- Configured cppcheck include dirs: 
[0.489s] -- Configured cppcheck exclude dirs and/or files: 
[0.490s] -- Added test 'lint_cmake' to check CMake code style
[0.490s] -- Added test 'uncrustify' to check C / C++ code style
[0.491s] -- Configured uncrustify additional arguments: 
[0.491s] -- Added test 'xmllint' to check XML markup files
[0.491s] -- Configuring done
[0.503s] -- Generating done
[0.504s] -- Build files have been written to: /home/user/fprobocon/build/move_to_target
[0.513s] Invoked command in '/home/user/fprobocon/build/move_to_target' returned '0': CMAKE_PREFIX_PATH=${CMAKE_PREFIX_PATH}:/home/user/fprobocon/install/sim2025_key:/home/user/fprobocon/install/keyboard_controller:/home/user/fprobocon/install/joystick_controller:/opt/ros/humble /usr/bin/cmake /home/user/fprobocon/src/move_to_target -DCMAKE_INSTALL_PREFIX=/home/user/fprobocon/install/move_to_target
[0.515s] Invoking command in '/home/user/fprobocon/build/move_to_target': CMAKE_PREFIX_PATH=${CMAKE_PREFIX_PATH}:/home/user/fprobocon/install/sim2025_key:/home/user/fprobocon/install/keyboard_controller:/home/user/fprobocon/install/joystick_controller:/opt/ros/humble /usr/bin/cmake --build /home/user/fprobocon/build/move_to_target -- -j16 -l16
[0.560s] [ 50%] [32mBuilding CXX object CMakeFiles/odometry.dir/src/odometri.cpp.o[0m
[0.769s] [01m[K/home/user/fprobocon/src/move_to_target/src/odometri.cpp:6:10:[m[K [01;31m[Kfatal error: [m[Kalgorithmfwd.h: No such file or directory
[0.769s]     6 | #include [01;31m[K<algorithmfwd.h>[m[K
[0.769s]       |          [01;31m[K^~~~~~~~~~~~~~~~[m[K
[0.769s] compilation terminated.
[0.773s] gmake[2]: *** [CMakeFiles/odometry.dir/build.make:76: CMakeFiles/odometry.dir/src/odometri.cpp.o] Error 1
[0.773s] gmake[1]: *** [CMakeFiles/Makefile2:137: CMakeFiles/odometry.dir/all] Error 2
[0.773s] gmake: *** [Makefile:146: all] Error 2
[0.775s] Invoked command in '/home/user/fprobocon/build/move_to_target' returned '2': CMAKE_PREFIX_PATH=${CMAKE_PREFIX_PATH}:/home/user/fprobocon/install/sim2025_key:/home/user/fprobocon/install/keyboard_controller:/home/user/fprobocon/install/joystick_controller:/opt/ros/humble /usr/bin/cmake --build /home/user/fprobocon/build/move_to_target -- -j16 -l16
